# JRE version: Java(TM) SE Runtime Environment (8.0_25-b17) (build 1.8.0_25-b17)
# Java VM: Java HotSpot(TM) 64-Bit Server VM (25.25-b02 mixed mode bsd-amd64 compressed oops)
Heap:
 PSYoungGen      total 78848K, used 29114K [0x00000007aab00000, 0x00000007b0b00000, 0x00000007c0000000)
  eden space 64000K, 27% used [0x00000007aab00000,0x00000007abbeeb90,0x00000007ae980000)
  from space 14848K, 79% used [0x00000007af980000,0x00000007b04ffcf8,0x00000007b0800000)
  to   space 16384K, 0% used [0x00000007ae980000,0x00000007ae980000,0x00000007af980000)
 ParOldGen       total 44032K, used 29225K [0x0000000780000000, 0x0000000782b00000, 0x00000007aab00000)
  object space 44032K, 66% used [0x0000000780000000,0x0000000781c8a568,0x0000000782b00000)
 Metaspace       used 17499K, capacity 17692K, committed 17792K, reserved 1064960K
  class space    used 2341K, capacity 2416K, committed 2432K, reserved 1048576K
GC Heap History (10 events):
Event: 1.311 GC heap before
{Heap before GC invocations=2 (full 0):
 PSYoungGen      total 18944K, used 18937K [0x00000007aab00000, 0x00000007ac000000, 0x00000007c0000000)
  eden space 16384K, 99% used [0x00000007aab00000,0x00000007abaff710,0x00000007abb00000)
  from space 2560K, 99% used [0x00000007abb00000,0x00000007abd7ee10,0x00000007abd80000)
  to   space 2560K, 0% used [0x00000007abd80000,0x00000007abd80000,0x00000007ac000000)
 ParOldGen       total 44032K, used 161K [0x0000000780000000, 0x0000000782b00000, 0x00000007aab00000)
  object space 44032K, 0% used [0x0000000780000000,0x0000000780028600,0x0000000782b00000)
 Metaspace       used 12290K, capacity 12494K, committed 12672K, reserved 1060864K
  class space    used 1595K, capacity 1645K, committed 1664K, reserved 1048576K
Event: 1.330 GC heap after
Heap after GC invocations=2 (full 0):
 PSYoungGen      total 18944K, used 2547K [0x00000007aab00000, 0x00000007ad000000, 0x00000007c0000000)
  eden space 16384K, 0% used [0x00000007aab00000,0x00000007aab00000,0x00000007abb00000)
  from space 2560K, 99% used [0x00000007abd80000,0x00000007abffcc28,0x00000007ac000000)
  to   space 2560K, 0% used [0x00000007abb00000,0x00000007abb00000,0x00000007abd80000)
 ParOldGen       total 44032K, used 8164K [0x0000000780000000, 0x0000000782b00000, 0x00000007aab00000)
  object space 44032K, 18% used [0x0000000780000000,0x00000007807f9138,0x0000000782b00000)
 Metaspace       used 12290K, capacity 12494K, committed 12672K, reserved 1060864K
  class space    used 1595K, capacity 1645K, committed 1664K, reserved 1048576K
}
Event: 2.391 GC heap before
{Heap before GC invocations=3 (full 0):
 PSYoungGen      total 18944K, used 18931K [0x00000007aab00000, 0x00000007ad000000, 0x00000007c0000000)
  eden space 16384K, 100% used [0x00000007aab00000,0x00000007abb00000,0x00000007abb00000)
  from space 2560K, 99% used [0x00000007abd80000,0x00000007abffcc28,0x00000007ac000000)
  to   space 2560K, 0% used [0x00000007abb00000,0x00000007abb00000,0x00000007abd80000)
 ParOldGen       total 44032K, used 8164K [0x0000000780000000, 0x0000000782b00000, 0x00000007aab00000)
  object space 44032K, 18% used [0x0000000780000000,0x00000007807f9138,0x0000000782b00000)
 Metaspace       used 15394K, capacity 15540K, committed 15744K, reserved 1062912K
  class space    used 2085K, capacity 2126K, committed 2176K, reserved 1048576K
Event: 2.403 GC heap after
Heap after GC invocations=3 (full 0):
 PSYoungGen      total 18944K, used 2552K [0x00000007aab00000, 0x00000007ad000000, 0x00000007c0000000)
  eden space 16384K, 0% used [0x00000007aab00000,0x00000007aab00000,0x00000007abb00000)
  from space 2560K, 99% used [0x00000007abb00000,0x00000007abd7e090,0x00000007abd80000)
  to   space 2560K, 0% used [0x00000007acd80000,0x00000007acd80000,0x00000007ad000000)
 ParOldGen       total 44032K, used 18314K [0x0000000780000000, 0x0000000782b00000, 0x00000007aab00000)
  object space 44032K, 41% used [0x0000000780000000,0x00000007811e28b8,0x0000000782b00000)
 Metaspace       used 15394K, capacity 15540K, committed 15744K, reserved 1062912K
  class space    used 2085K, capacity 2126K, committed 2176K, reserved 1048576K
}
Event: 2.569 GC heap before
{Heap before GC invocations=4 (full 0):
 PSYoungGen      total 18944K, used 18936K [0x00000007aab00000, 0x00000007ad000000, 0x00000007c0000000)
  eden space 16384K, 100% used [0x00000007aab00000,0x00000007abb00000,0x00000007abb00000)
  from space 2560K, 99% used [0x00000007abb00000,0x00000007abd7e090,0x00000007abd80000)
  to   space 2560K, 0% used [0x00000007acd80000,0x00000007acd80000,0x00000007ad000000)
 ParOldGen       total 44032K, used 18314K [0x0000000780000000, 0x0000000782b00000, 0x00000007aab00000)
  object space 44032K, 41% used [0x0000000780000000,0x00000007811e28b8,0x0000000782b00000)
 Metaspace       used 15403K, capacity 15604K, committed 15744K, reserved 1062912K
  class space    used 2085K, capacity 2126K, committed 2176K, reserved 1048576K
Event: 2.580 GC heap after
Heap after GC invocations=4 (full 0):
 PSYoungGen      total 35328K, used 2543K [0x00000007aab00000, 0x00000007ad000000, 0x00000007c0000000)
  eden space 32768K, 0% used [0x00000007aab00000,0x00000007aab00000,0x00000007acb00000)
  from space 2560K, 99% used [0x00000007acd80000,0x00000007acffbed8,0x00000007ad000000)
  to   space 2560K, 0% used [0x00000007acb00000,0x00000007acb00000,0x00000007acd80000)
 ParOldGen       total 44032K, used 24999K [0x0000000780000000, 0x0000000782b00000, 0x00000007aab00000)
  object space 44032K, 56% used [0x0000000780000000,0x0000000781869e28,0x0000000782b00000)
 Metaspace       used 15403K, capacity 15604K, committed 15744K, reserved 1062912K
  class space    used 2085K, capacity 2126K, committed 2176K, reserved 1048576K
}
Event: 2.960 GC heap before
{Heap before GC invocations=5 (full 0):
 PSYoungGen      total 35328K, used 35311K [0x00000007aab00000, 0x00000007ad000000, 0x00000007c0000000)
  eden space 32768K, 100% used [0x00000007aab00000,0x00000007acb00000,0x00000007acb00000)
  from space 2560K, 99% used [0x00000007acd80000,0x00000007acffbed8,0x00000007ad000000)
  to   space 2560K, 0% used [0x00000007acb00000,0x00000007acb00000,0x00000007acd80000)
 ParOldGen       total 44032K, used 24999K [0x0000000780000000, 0x0000000782b00000, 0x00000007aab00000)
  object space 44032K, 56% used [0x0000000780000000,0x0000000781869e28,0x0000000782b00000)
 Metaspace       used 15508K, capacity 15700K, committed 16000K, reserved 1062912K
  class space    used 2101K, capacity 2158K, committed 2176K, reserved 1048576K
Event: 2.982 GC heap after
Heap after GC invocations=5 (full 0):
 PSYoungGen      total 35328K, used 2537K [0x00000007aab00000, 0x00000007b0800000, 0x00000007c0000000)
  eden space 32768K, 0% used [0x00000007aab00000,0x00000007aab00000,0x00000007acb00000)
  from space 2560K, 99% used [0x00000007acb00000,0x00000007acd7a4c0,0x00000007acd80000)
  to   space 14848K, 0% used [0x00000007af980000,0x00000007af980000,0x00000007b0800000)
 ParOldGen       total 44032K, used 29225K [0x0000000780000000, 0x0000000782b00000, 0x00000007aab00000)
  object space 44032K, 66% used [0x0000000780000000,0x0000000781c8a568,0x0000000782b00000)
 Metaspace       used 15508K, capacity 15700K, committed 16000K, reserved 1062912K
  class space    used 2101K, capacity 2158K, committed 2176K, reserved 1048576K
}
Event: 3.899 GC heap before
{Heap before GC invocations=6 (full 0):
 PSYoungGen      total 35328K, used 35305K [0x00000007aab00000, 0x00000007b0800000, 0x00000007c0000000)
  eden space 32768K, 100% used [0x00000007aab00000,0x00000007acb00000,0x00000007acb00000)
  from space 2560K, 99% used [0x00000007acb00000,0x00000007acd7a4c0,0x00000007acd80000)
  to   space 14848K, 0% used [0x00000007af980000,0x00000007af980000,0x00000007b0800000)
 ParOldGen       total 44032K, used 29225K [0x0000000780000000, 0x0000000782b00000, 0x00000007aab00000)
  object space 44032K, 66% used [0x0000000780000000,0x0000000781c8a568,0x0000000782b00000)
 Metaspace       used 15838K, capacity 15988K, committed 16384K, reserved 1062912K
  class space    used 2139K, capacity 2190K, committed 2304K, reserved 1048576K
Event: 3.917 GC heap after
Heap after GC invocations=6 (full 0):
 PSYoungGen      total 78848K, used 11775K [0x00000007aab00000, 0x00000007b0b00000, 0x00000007c0000000)
  eden space 64000K, 0% used [0x00000007aab00000,0x00000007aab00000,0x00000007ae980000)
  from space 14848K, 79% used [0x00000007af980000,0x00000007b04ffcf8,0x00000007b0800000)
  to   space 16384K, 0% used [0x00000007ae980000,0x00000007ae980000,0x00000007af980000)
 ParOldGen       total 44032K, used 29225K [0x0000000780000000, 0x0000000782b00000, 0x00000007aab00000)
  object space 44032K, 66% used [0x0000000780000000,0x0000000781c8a568,0x0000000782b00000)
 Metaspace       used 15838K, capacity 15988K, committed 16384K, reserved 1062912K
  class space    used 2139K, capacity 2190K, committed 2304K, reserved 1048576K
}

