# JRE version: Java(TM) SE Runtime Environment (8.0_25-b17) (build 1.8.0_25-b17)
# Java VM: Java HotSpot(TM) 64-Bit Server VM (25.25-b02 mixed mode bsd-amd64 compressed oops)
Heap:
 PSYoungGen      total 35328K, used 25677K [0x0000000146500000, 0x0000000148a00000, 0x000000015ba00000)
  eden space 32768K, 71% used [0x0000000146500000,0x0000000147be6d58,0x0000000148500000)
  from space 2560K, 86% used [0x0000000148780000,0x00000001489ac780,0x0000000148a00000)
  to   space 2560K, 0% used [0x0000000148500000,0x0000000148500000,0x0000000148780000)
 ParOldGen       total 44032K, used 23547K [0x000000011ba00000, 0x000000011e500000, 0x0000000146500000)
  object space 44032K, 53% used [0x000000011ba00000,0x000000011d0fef80,0x000000011e500000)
 Metaspace       used 15437K, capacity 15604K, committed 15744K, reserved 1062912K
  class space    used 2086K, capacity 2126K, committed 2176K, reserved 1048576K
GC Heap History (8 events):
Event: 1.427 GC heap before
{Heap before GC invocations=1 (full 0):
 PSYoungGen      total 18944K, used 16257K [0x0000000146500000, 0x0000000147a00000, 0x000000015ba00000)
  eden space 16384K, 99% used [0x0000000146500000,0x00000001474e0580,0x0000000147500000)
  from space 2560K, 0% used [0x0000000147780000,0x0000000147780000,0x0000000147a00000)
  to   space 2560K, 0% used [0x0000000147500000,0x0000000147500000,0x0000000147780000)
 ParOldGen       total 44032K, used 0K [0x000000011ba00000, 0x000000011e500000, 0x0000000146500000)
  object space 44032K, 0% used [0x000000011ba00000,0x000000011ba00000,0x000000011e500000)
 Metaspace       used 11826K, capacity 12014K, committed 12416K, reserved 1060864K
  class space    used 1533K, capacity 1577K, committed 1664K, reserved 1048576K
Event: 1.434 GC heap after
Heap after GC invocations=1 (full 0):
 PSYoungGen      total 18944K, used 2554K [0x0000000146500000, 0x0000000147a00000, 0x000000015ba00000)
  eden space 16384K, 0% used [0x0000000146500000,0x0000000146500000,0x0000000147500000)
  from space 2560K, 99% used [0x0000000147500000,0x000000014777ebe0,0x0000000147780000)
  to   space 2560K, 0% used [0x0000000147780000,0x0000000147780000,0x0000000147a00000)
 ParOldGen       total 44032K, used 36K [0x000000011ba00000, 0x000000011e500000, 0x0000000146500000)
  object space 44032K, 0% used [0x000000011ba00000,0x000000011ba09148,0x000000011e500000)
 Metaspace       used 11826K, capacity 12014K, committed 12416K, reserved 1060864K
  class space    used 1533K, capacity 1577K, committed 1664K, reserved 1048576K
}
Event: 1.674 GC heap before
{Heap before GC invocations=2 (full 0):
 PSYoungGen      total 18944K, used 18938K [0x0000000146500000, 0x0000000147a00000, 0x000000015ba00000)
  eden space 16384K, 100% used [0x0000000146500000,0x0000000147500000,0x0000000147500000)
  from space 2560K, 99% used [0x0000000147500000,0x000000014777ebe0,0x0000000147780000)
  to   space 2560K, 0% used [0x0000000147780000,0x0000000147780000,0x0000000147a00000)
 ParOldGen       total 44032K, used 36K [0x000000011ba00000, 0x000000011e500000, 0x0000000146500000)
  object space 44032K, 0% used [0x000000011ba00000,0x000000011ba09148,0x000000011e500000)
 Metaspace       used 12290K, capacity 12494K, committed 12672K, reserved 1060864K
  class space    used 1595K, capacity 1645K, committed 1664K, reserved 1048576K
Event: 1.690 GC heap after
Heap after GC invocations=2 (full 0):
 PSYoungGen      total 18944K, used 2559K [0x0000000146500000, 0x0000000148a00000, 0x000000015ba00000)
  eden space 16384K, 0% used [0x0000000146500000,0x0000000146500000,0x0000000147500000)
  from space 2560K, 99% used [0x0000000147780000,0x00000001479ffc48,0x0000000147a00000)
  to   space 2560K, 0% used [0x0000000147500000,0x0000000147500000,0x0000000147780000)
 ParOldGen       total 44032K, used 9004K [0x000000011ba00000, 0x000000011e500000, 0x0000000146500000)
  object space 44032K, 20% used [0x000000011ba00000,0x000000011c2cb1d8,0x000000011e500000)
 Metaspace       used 12290K, capacity 12494K, committed 12672K, reserved 1060864K
  class space    used 1595K, capacity 1645K, committed 1664K, reserved 1048576K
}
Event: 3.062 GC heap before
{Heap before GC invocations=3 (full 0):
 PSYoungGen      total 18944K, used 18943K [0x0000000146500000, 0x0000000148a00000, 0x000000015ba00000)
  eden space 16384K, 100% used [0x0000000146500000,0x0000000147500000,0x0000000147500000)
  from space 2560K, 99% used [0x0000000147780000,0x00000001479ffc48,0x0000000147a00000)
  to   space 2560K, 0% used [0x0000000147500000,0x0000000147500000,0x0000000147780000)
 ParOldGen       total 44032K, used 9004K [0x000000011ba00000, 0x000000011e500000, 0x0000000146500000)
  object space 44032K, 20% used [0x000000011ba00000,0x000000011c2cb1d8,0x000000011e500000)
 Metaspace       used 15387K, capacity 15540K, committed 15744K, reserved 1062912K
  class space    used 2085K, capacity 2126K, committed 2176K, reserved 1048576K
Event: 3.073 GC heap after
Heap after GC invocations=3 (full 0):
 PSYoungGen      total 18944K, used 2547K [0x0000000146500000, 0x0000000148a00000, 0x000000015ba00000)
  eden space 16384K, 0% used [0x0000000146500000,0x0000000146500000,0x0000000147500000)
  from space 2560K, 99% used [0x0000000147500000,0x000000014777ccd8,0x0000000147780000)
  to   space 2560K, 0% used [0x0000000148780000,0x0000000148780000,0x0000000148a00000)
 ParOldGen       total 44032K, used 16127K [0x000000011ba00000, 0x000000011e500000, 0x0000000146500000)
  object space 44032K, 36% used [0x000000011ba00000,0x000000011c9bffe0,0x000000011e500000)
 Metaspace       used 15387K, capacity 15540K, committed 15744K, reserved 1062912K
  class space    used 2085K, capacity 2126K, committed 2176K, reserved 1048576K
}
Event: 3.337 GC heap before
{Heap before GC invocations=4 (full 0):
 PSYoungGen      total 18944K, used 18931K [0x0000000146500000, 0x0000000148a00000, 0x000000015ba00000)
  eden space 16384K, 100% used [0x0000000146500000,0x0000000147500000,0x0000000147500000)
  from space 2560K, 99% used [0x0000000147500000,0x000000014777ccd8,0x0000000147780000)
  to   space 2560K, 0% used [0x0000000148780000,0x0000000148780000,0x0000000148a00000)
 ParOldGen       total 44032K, used 16127K [0x000000011ba00000, 0x000000011e500000, 0x0000000146500000)
  object space 44032K, 36% used [0x000000011ba00000,0x000000011c9bffe0,0x000000011e500000)
 Metaspace       used 15392K, capacity 15540K, committed 15744K, reserved 1062912K
  class space    used 2085K, capacity 2126K, committed 2176K, reserved 1048576K
Event: 3.357 GC heap after
Heap after GC invocations=4 (full 0):
 PSYoungGen      total 35328K, used 2225K [0x0000000146500000, 0x0000000148a00000, 0x000000015ba00000)
  eden space 32768K, 0% used [0x0000000146500000,0x0000000146500000,0x0000000148500000)
  from space 2560K, 86% used [0x0000000148780000,0x00000001489ac780,0x0000000148a00000)
  to   space 2560K, 0% used [0x0000000148500000,0x0000000148500000,0x0000000148780000)
 ParOldGen       total 44032K, used 23547K [0x000000011ba00000, 0x000000011e500000, 0x0000000146500000)
  object space 44032K, 53% used [0x000000011ba00000,0x000000011d0fef80,0x000000011e500000)
 Metaspace       used 15392K, capacity 15540K, committed 15744K, reserved 1062912K
  class space    used 2085K, capacity 2126K, committed 2176K, reserved 1048576K
}

